#
# There is insufficient memory for the Java Runtime Environment to continue.
# Native memory allocation (mmap) failed to map 260046848 bytes. Error detail: G1 virtual space
# Possible reasons:
#   The system is out of physical RAM or swap space
#   This process is running with CompressedOops enabled, and the Java Heap may be blocking the growth of the native heap
# Possible solutions:
#   Reduce memory load on the system
#   Increase physical memory or swap space
#   Check if swap backing store is full
#   Decrease Java heap size (-Xmx/-Xms)
#   Decrease number of Java threads
#   Decrease Java thread stack sizes (-Xss)
#   Set larger code cache with -XX:ReservedCodeCacheSize=
#   JVM is running with Zero Based Compressed Oops mode in which the Java heap is
#     placed in the first 32GB address space. The Java Heap base address is the
#     maximum limit for the native heap growth. Please use -XX:HeapBaseMinAddress
#     to set the Java Heap base and to place the Java Heap above 32GB virtual address.
# This output file may be truncated or incomplete.
#
#  Out of Memory Error (os_windows.cpp:3631), pid=1904, tid=4604
#
# JRE version:  (22.0.1+8) (build )
# Java VM: Java HotSpot(TM) 64-Bit Server VM (22.0.1+8-16, mixed mode, sharing, tiered, compressed oops, compressed class ptrs, g1 gc, windows-amd64)
# No core dump will be written. Minidumps are not enabled by default on client versions of Windows
#

---------------  S U M M A R Y ------------

Command Line: -ea -Didea.test.cyclic.buffer.size=1048576 -javaagent:C:\Program Files\JetBrains\IntelliJ IDEA 2024.1.2\lib\idea_rt.jar=55738:C:\Program Files\JetBrains\IntelliJ IDEA 2024.1.2\bin -Dfile.encoding=UTF-8 -Dsun.stdout.encoding=UTF-8 -Dsun.stderr.encoding=UTF-8 com.intellij.rt.testng.RemoteTestNGStarter -usedefaultlisteners false -socket55737 @w@C:\Users\Admin\AppData\Local\Temp\idea_working_dirs_testng.tmp -temp C:\Users\Admin\AppData\Local\Temp\idea_testng.tmp

Host: AMD Ryzen 7 4800H with Radeon Graphics         , 16 cores, 15G,  Windows 11 , 64 bit Build 22621 (10.0.22621.3672)
Time: Fri Jun 14 22:51:40 2024 SE Asia Standard Time elapsed time: 0.025030 seconds (0d 0h 0m 0s)

---------------  T H R E A D  ---------------

Current thread (0x00000216f4364a00):  JavaThread "Unknown thread" [_thread_in_vm, id=4604, stack(0x0000004bc1000000,0x0000004bc1100000) (1024K)]

Stack: [0x0000004bc1000000,0x0000004bc1100000]
Native frames: (J=compiled Java code, j=interpreted, Vv=VM code, C=native code)
V  [jvm.dll+0x6e2279]  (no source info available)
V  [jvm.dll+0x874e33]  (no source info available)
V  [jvm.dll+0x87725e]  (no source info available)
V  [jvm.dll+0x877933]  (no source info available)
V  [jvm.dll+0x27fd76]  (no source info available)
V  [jvm.dll+0x6de915]  (no source info available)
V  [jvm.dll+0x6d341a]  (no source info available)
V  [jvm.dll+0x3589da]  (no source info available)
V  [jvm.dll+0x360f06]  (no source info available)
V  [jvm.dll+0x3b3e2e]  (no source info available)
V  [jvm.dll+0x3b40d8]  (no source info available)
V  [jvm.dll+0x32c59c]  (no source info available)
V  [jvm.dll+0x32d158]  (no source info available)
V  [jvm.dll+0x83ccdc]  (no source info available)
V  [jvm.dll+0x3c0d71]  (no source info available)
V  [jvm.dll+0x825ccc]  (no source info available)
V  [jvm.dll+0x45b8fe]  (no source info available)
V  [jvm.dll+0x45d781]  (no source info available)
C  [jli.dll+0x52a3]  (no source info available)
C  [ucrtbase.dll+0x29333]  (no source info available)
C  [KERNEL32.DLL+0x1257d]  (no source info available)
C  [ntdll.dll+0x5af28]  (no source info available)


---------------  P R O C E S S  ---------------

Threads class SMR info:
_java_thread_list=0x00007ff9a311b1c8, length=0, elements={
}

Java Threads: ( => current thread )
Total: 0

Other Threads:
  0x00000216f66faa10 WorkerThread "GC Thread#0"                     [id=2220, stack(0x0000004bc1100000,0x0000004bc1200000) (1024K)]
  0x00000216f670c210 ConcurrentGCThread "G1 Main Marker"            [id=14820, stack(0x0000004bc1200000,0x0000004bc1300000) (1024K)]
  0x00000216f670dc40 WorkerThread "G1 Conc#0"                       [id=22172, stack(0x0000004bc1300000,0x0000004bc1400000) (1024K)]

[error occurred during error reporting (printing all threads), id 0xc0000005, EXCEPTION_ACCESS_VIOLATION (0xc0000005) at pc=0x00007ff9a286f367]
VM state: not at safepoint (not fully initialized)

VM Mutex/Monitor currently owned by a thread:  ([mutex/lock_event])
[0x00007ff9a319bcb8] Heap_lock - owner thread: 0x00000216f4364a00

Heap address: 0x0000000709400000, size: 3948 MB, Compressed Oops mode: Zero based, Oop shift amount: 3

CDS archive(s) mapped at: [0x0000000000000000-0x0000000000000000-0x0000000000000000), size 0, SharedBaseAddress: 0x0000000800000000, ArchiveRelocationMode: 1.
Narrow klass base: 0x0000000000000000, Narrow klass shift: 0, Narrow klass range: 0x0

GC Precious Log:
 CardTable entry size: 512
 Card Set container configuration: InlinePtr #cards 4 size 8 Array Of Cards #cards 16 size 48 Howl #buckets 8 coarsen threshold 3686 Howl Bitmap #cards 512 size 80 coarsen threshold 460 Card regions per heap region 1 cards per card region 4096

Heap:
 garbage-first heap   total reserved 4042752K, committed 0K, used 0K [0x0000000709400000, 0x0000000800000000)
  region size 2048K, 0 young (0K), 0 survivors (0K)

[error occurred during error reporting (printing heap information), id 0xc0000005, EXCEPTION_ACCESS_VIOLATION (0xc0000005) at pc=0x00007ff9a2c6e429]
GC Heap History (0 events):
No events

Dll operation events (1 events):
Event: 0.020 Loaded shared library C:\Program Files\Java\jdk-22\bin\java.dll

Deoptimization events (0 events):
No events

Classes loaded (0 events):
No events

Classes unloaded (0 events):
No events

Classes redefined (0 events):
No events

Internal exceptions (0 events):
No events

ZGC Phase Switch (0 events):
No events

VM Operations (0 events):
No events

Events (0 events):
No events


Dynamic libraries:
0x00007ff769790000 - 0x00007ff7697a0000 	C:\Program Files\Java\jdk-22\bin\java.exe
0x00007ffa5eb50000 - 0x00007ffa5ed67000 	C:\WINDOWS\SYSTEM32\ntdll.dll
0x00007ffa5e090000 - 0x00007ffa5e154000 	C:\WINDOWS\System32\KERNEL32.DLL
0x00007ffa5c010000 - 0x00007ffa5c3bc000 	C:\WINDOWS\System32\KERNELBASE.dll
0x00007ffa5be80000 - 0x00007ffa5bf91000 	C:\WINDOWS\System32\ucrtbase.dll
0x00007ffa50940000 - 0x00007ffa5095b000 	C:\Program Files\Java\jdk-22\bin\VCRUNTIME140.dll
0x00007ffa382b0000 - 0x00007ffa382c7000 	C:\Program Files\Java\jdk-22\bin\jli.dll
0x00007ffa5e170000 - 0x00007ffa5e222000 	C:\WINDOWS\System32\ADVAPI32.dll
0x00007ffa5df90000 - 0x00007ffa5e037000 	C:\WINDOWS\System32\msvcrt.dll
0x00007ffa5e330000 - 0x00007ffa5e3da000 	C:\WINDOWS\System32\sechost.dll
0x00007ffa5c720000 - 0x00007ffa5c748000 	C:\WINDOWS\System32\bcrypt.dll
0x00007ffa5de60000 - 0x00007ffa5df75000 	C:\WINDOWS\System32\RPCRT4.dll
0x00007ffa5cd30000 - 0x00007ffa5cede000 	C:\WINDOWS\System32\USER32.dll
0x00007ffa53db0000 - 0x00007ffa54043000 	C:\WINDOWS\WinSxS\amd64_microsoft.windows.common-controls_6595b64144ccf1df_6.0.22621.3672_none_2713b9d173822955\COMCTL32.dll
0x00007ffa5c3c0000 - 0x00007ffa5c3e6000 	C:\WINDOWS\System32\win32u.dll
0x00007ffa5eae0000 - 0x00007ffa5eb09000 	C:\WINDOWS\System32\GDI32.dll
0x00007ffa5c3f0000 - 0x00007ffa5c509000 	C:\WINDOWS\System32\gdi32full.dll
0x00007ffa5c510000 - 0x00007ffa5c5aa000 	C:\WINDOWS\System32\msvcp_win.dll
0x00007ffa53470000 - 0x00007ffa5347a000 	C:\WINDOWS\SYSTEM32\VERSION.dll
0x00007ffa5cee0000 - 0x00007ffa5cf11000 	C:\WINDOWS\System32\IMM32.DLL
0x00007ffa50b60000 - 0x00007ffa50b6c000 	C:\Program Files\Java\jdk-22\bin\vcruntime140_1.dll
0x00007ffa4bac0000 - 0x00007ffa4bb4e000 	C:\Program Files\Java\jdk-22\bin\msvcp140.dll
0x00007ff9a2530000 - 0x00007ff9a3277000 	C:\Program Files\Java\jdk-22\bin\server\jvm.dll
0x00007ffa5d320000 - 0x00007ffa5d391000 	C:\WINDOWS\System32\WS2_32.dll
0x00007ffa5ad20000 - 0x00007ffa5ad6d000 	C:\WINDOWS\SYSTEM32\POWRPROF.dll
0x00007ffa4e920000 - 0x00007ffa4e954000 	C:\WINDOWS\SYSTEM32\WINMM.dll
0x00007ffa5acc0000 - 0x00007ffa5acd3000 	C:\WINDOWS\SYSTEM32\UMPDC.dll
0x00007ffa5af80000 - 0x00007ffa5af98000 	C:\WINDOWS\SYSTEM32\kernel.appcore.dll
0x00007ffa50930000 - 0x00007ffa5093a000 	C:\Program Files\Java\jdk-22\bin\jimage.dll
0x00007ffa59330000 - 0x00007ffa59562000 	C:\WINDOWS\SYSTEM32\DBGHELP.DLL
0x00007ffa5e750000 - 0x00007ffa5ead8000 	C:\WINDOWS\System32\combase.dll
0x00007ffa5d1e0000 - 0x00007ffa5d2b7000 	C:\WINDOWS\System32\OLEAUT32.dll
0x00007ffa50fd0000 - 0x00007ffa51002000 	C:\WINDOWS\SYSTEM32\dbgcore.DLL
0x00007ffa5c750000 - 0x00007ffa5c7cb000 	C:\WINDOWS\System32\bcryptPrimitives.dll
0x00007ffa58cf0000 - 0x00007ffa58cff000 	C:\Program Files\Java\jdk-22\bin\instrument.dll
0x00007ffa4e370000 - 0x00007ffa4e38e000 	C:\Program Files\Java\jdk-22\bin\java.dll
0x00007ffa5d600000 - 0x00007ffa5de5c000 	C:\WINDOWS\System32\SHELL32.dll
0x00007ffa5e3e0000 - 0x00007ffa5e585000 	C:\WINDOWS\System32\ole32.dll

dbghelp: loaded successfully - version: 4.0.5 - missing functions: none
symbol engine: initialized successfully - sym options: 0x614 - pdb path: .;C:\Program Files\Java\jdk-22\bin;C:\WINDOWS\SYSTEM32;C:\WINDOWS\WinSxS\amd64_microsoft.windows.common-controls_6595b64144ccf1df_6.0.22621.3672_none_2713b9d173822955;C:\Program Files\Java\jdk-22\bin\server

VM Arguments:
jvm_args: -ea -Didea.test.cyclic.buffer.size=1048576 -javaagent:C:\Program Files\JetBrains\IntelliJ IDEA 2024.1.2\lib\idea_rt.jar=55738:C:\Program Files\JetBrains\IntelliJ IDEA 2024.1.2\bin -Dfile.encoding=UTF-8 -Dsun.stdout.encoding=UTF-8 -Dsun.stderr.encoding=UTF-8 
java_command: com.intellij.rt.testng.RemoteTestNGStarter -usedefaultlisteners false -socket55737 @w@C:\Users\Admin\AppData\Local\Temp\idea_working_dirs_testng.tmp -temp C:\Users\Admin\AppData\Local\Temp\idea_testng.tmp
java_class_path (initial): C:\Program Files\JetBrains\IntelliJ IDEA 2024.1.2\lib\idea_rt.jar;C:\Program Files\JetBrains\IntelliJ IDEA 2024.1.2\plugins\testng\lib\testng-rt.jar;C:\Users\Admin\Documents\NetBeansProjects\math-util-swt301\target\test-classes;C:\Users\Admin\Documents\NetBeansProjects\math-util-swt301\target\classes;C:\Users\Admin\.m2\repository\org\testng\testng\7.10.2\testng-7.10.2.jar;C:\Users\Admin\.m2\repository\org\slf4j\slf4j-api\1.7.36\slf4j-api-1.7.36.jar;C:\Users\Admin\.m2\repository\com\beust\jcommander\1.82\jcommander-1.82.jar;C:\Users\Admin\.m2\repository\org\webjars\jquery\3.7.1\jquery-3.7.1.jar
Launcher Type: SUN_STANDARD

[Global flags]
     intx CICompilerCount                          = 12                                        {product} {ergonomic}
     uint ConcGCThreads                            = 3                                         {product} {ergonomic}
     uint G1ConcRefinementThreads                  = 13                                        {product} {ergonomic}
   size_t G1HeapRegionSize                         = 2097152                                   {product} {ergonomic}
   size_t InitialHeapSize                          = 260046848                                 {product} {ergonomic}
   size_t MarkStackSize                            = 4194304                                   {product} {ergonomic}
   size_t MaxHeapSize                              = 4139778048                                {product} {ergonomic}
   size_t MinHeapDeltaBytes                        = 2097152                                   {product} {ergonomic}
   size_t MinHeapSize                              = 8388608                                   {product} {ergonomic}
    uintx NonNMethodCodeHeapSize                   = 7602480                                {pd product} {ergonomic}
    uintx NonProfiledCodeHeapSize                  = 122027880                              {pd product} {ergonomic}
    uintx ProfiledCodeHeapSize                     = 122027880                              {pd product} {ergonomic}
    uintx ReservedCodeCacheSize                    = 251658240                              {pd product} {ergonomic}
     bool SegmentedCodeCache                       = true                                      {product} {ergonomic}
   size_t SoftMaxHeapSize                          = 4139778048                             {manageable} {ergonomic}
     bool UseCompressedOops                        = true                           {product lp64_product} {ergonomic}
     bool UseG1GC                                  = true                                      {product} {ergonomic}
     bool UseLargePagesIndividualAllocation        = false                                  {pd product} {ergonomic}

Logging:
Log output configuration:
 #0: stdout all=warning uptime,level,tags foldmultilines=false
 #1: stderr all=off uptime,level,tags foldmultilines=false

Environment Variables:
JAVA_HOME=C:\Program Files\Java\jdk-22
PATH=C:\Program Files\Common Files\Oracle\Java\javapath;C:\Program Files (x86)\Common Files\Oracle\Java\java8path;C:\Program Files (x86)\Common Files\Oracle\Java\javapath;C:\Windows\system32;C:\Windows;C:\Windows\System32\Wbem;C:\Windows\System32\WindowsPowerShell\v1.0\;C:\Windows\System32\OpenSSH\;C:\Program Files (x86)\NVIDIA Corporation\PhysX\Common;C:\Program Files\NVIDIA Corporation\NVIDIA NvDLISR;C:\Program Files\dotnet\;C:\WINDOWS\system32;C:\WINDOWS;C:\WINDOWS\System32\Wbem;C:\WINDOWS\System32\WindowsPowerShell\v1.0\;C:\WINDOWS\System32\OpenSSH\;C:\Program Files (x86)\Microsoft SQL Server\160\Tools\Binn\;C:\Program Files\Microsoft SQL Server\160\Tools\Binn\;C:\Program Files\Microsoft SQL Server\Client SDK\ODBC\170\Tools\Binn\;C:\Program Files\Microsoft SQL Server\160\DTS\Binn\;C:\Program Files (x86)\Microsoft SQL Server\160\DTS\Binn\;C:\Program Files\Azure Data Studio\bin;C:\Program Files\nodejs\;C:\Program Files\apache-maven-3.9.7\bin;C:\Program Files\Git\cmd;C:\Users\Admin\AppData\Local\Programs\Python\Python312\Scripts\;C:\Users\Admin\AppData\Local\Programs\Python\Python312\;C:\Users\Admin\AppData\Local\Microsoft\WindowsApps;;C:\Users\Admin\AppData\Local\Programs\Microsoft VS Code\bin;C:\Program Files\Azure Data Studio\bin;C:\Users\Admin\AppData\Roaming\npm
USERNAME=Admin
OS=Windows_NT
PROCESSOR_IDENTIFIER=AMD64 Family 23 Model 96 Stepping 1, AuthenticAMD
TMP=C:\Users\Admin\AppData\Local\Temp
TEMP=C:\Users\Admin\AppData\Local\Temp




Periodic native trim disabled

---------------  S Y S T E M  ---------------

OS:
 Windows 11 , 64 bit Build 22621 (10.0.22621.3672)
OS uptime: 0 days 4:43 hours
Hyper-V role detected

CPU: total 16 (initial active 16) (16 cores per cpu, 2 threads per core) family 23 model 96 stepping 1 microcode 0x0, cx8, cmov, fxsr, ht, mmx, 3dnowpref, sse, sse2, sse3, ssse3, sse4a, sse4.1, sse4.2, popcnt, lzcnt, tsc, tscinvbit, avx, avx2, aes, clmul, bmi1, bmi2, adx, sha, fma, vzeroupper, clflush, clflushopt, hv, rdtscp, rdpid, f16c
Processor Information for all 16 processors :
  Max Mhz: 2901, Current Mhz: 2901, Mhz Limit: 2901

Memory: 4k page, system-wide physical 15791M (2702M free)
TotalPageFile size 18791M (AvailPageFile size 225M)
current process WorkingSet (physical memory assigned to process): 12M, peak: 12M
current process commit charge ("private bytes"): 71M, peak: 319M

vm_info: Java HotSpot(TM) 64-Bit Server VM (22.0.1+8-16) for windows-amd64 JRE (22.0.1+8-16), built on 2024-03-12T10:33:16Z by "mach5one" with MS VC++ 17.6 (VS2022)

END.
